<?xml version="1.0" encoding="UTF-8" standalone="no"?>
<testsuite failures="0" name="cucumber.runtime.formatter.JUnitFormatter" skipped="0" tests="2" time="25.757622">
<testcase classname="Free CRM Create Contacts" name="Free CRM Create a new contact scenario" time="13.850527">
<system-out><![CDATA[Given user is already on login page.........................................passed
When title of login page is free CRM........................................passed
Then user enters "srinicrm" and "srinicrm"..................................passed
Then user clicks on log in button...........................................passed
Then user is on home page...................................................passed
Then user moves to new contacts page........................................passed
Then user enters contact details "Srinivas" and "Reddy" and "Manager".......passed
Then close the browser......................................................passed
]]></system-out>
</testcase>
<testcase classname="Free CRM Create Contacts" name="Free CRM Create a new contact scenario 2" time="11.907095">
<system-out><![CDATA[Given user is already on login page.........................................passed
When title of login page is free CRM........................................passed
Then user enters "srinicrm" and "srinicrm"..................................passed
Then user clicks on log in button...........................................passed
Then user is on home page...................................................passed
Then user moves to new contacts page........................................passed
Then user enters contact details "Arun" and "Joe" and "Supervisor"..........passed
Then close the browser......................................................passed
]]></system-out>
</testcase>
</testsuite>
